
 2021-02-05 10:26:17,185 INFO  [zzfwlog_72faff8dce92478f_1] TransferServiceApi 服务开始启动 

 2021-02-05 10:26:17,211 INFO  [zzfwlog_72faff8dce92478f_1] TransferServiceApi 服务启动，读取配置文件 appsettings.json 

 2021-02-05 10:26:17,400 INFO  [zzfwlog_72faff8dce92478f_1] TransferServiceApi 服务启动完成 

 2021-02-05 10:26:26,516 INFO  [zzfwlog_10a9e40fced248f5_6] 获取消费码访问令牌请求参数：{"access_token":"00000000000000000000000000000000000000000000000000000000000000000000000000000000000000000000000000000000000000000000000000000000","app_key":"2887073C483EF7C8D06535A6EF90799D","format":"json","method":"synjones.authorize.access_token","request":"fodHk5ZmsJO9JEBpJTqrfYRS3FXIPnPju6ooIN3LS8A=","sign":"qQPYVOh6IF2vb0MbGPUeQCSzQVHATQso73Dz39tbVRMdOOZNOUm1249a7q1FplSP3cmoIPsrgjiFPA0rlkO6iScfHv3oJSxr50UxPrjDvYfaY/Gd8UMbUx2rQclsbnJuFNgXzMy7jXVv97Ycvdv4ycjtg9gRvXUdBUCdQtakc5rz+a1XxDl34BmZ/LzhKq0wFIwCJrLCen84HoTJkGcCt5BDbmpaNh8UVSFDTVlxRAWHOtY5/aBMH3G7sok6B4GWdQXkOWl1KU0D27Vb4HEKXcoFtGPQ2S2ntxNkVKFas5pWlYF7fbxZ45Bh7wUrO1xyxGlWvZr4gigjQAVJlzQIpg==","sign_method":"rsa","timestamp":"2021-02-05 10:26:26","v":"2.0"} 

 2021-02-05 10:26:35,414 INFO  [zzfwlog_10a9e40fced248f5_6] 获取消费码访问令牌返回结果：{"retcode":null,"errmsg":"获取访问令牌失败，错误码[errcode]：40004","access_token":null,"expires_in":0} 

 2021-02-05 10:26:51,120 INFO  [zzfwlog_2a4e7e4c111b4794_6] 获取无卡扣款、退款访问令牌请求参数：{"access_token":"00000000000000000000000000000000000000000000000000000000000000000000000000000000000000000000000000000000000000000000000000000000","app_key":"2887073C483EF7C8D06535A6EF90799D","format":"json","method":"synjones.authorize.access_token","request":"fodHk5ZmsJO9JEBpJTqrfYRS3FXIPnPju6ooIN3LS8A=","sign":"BrF+WmsAVTRw7yvAZBFDJBlsvo5BurL9F8TvlOAFUm47dRy5e8hm/5E5HZHTiPnn4eGtJLOd6fOtWChR69796N8sZFpN1rK5HgakIWvnv4Gaueho+NtMd8Ky8dqSCBOob2Fw6fLBZq7H3HSj0VohNgzPsmdALTg1lQ5o4M+gxUcKePNSTmMk2M5dmjMdVCZ7rS5f4AXGUNvhD5HUDIWDvUvAmaQYFS6UXTfmkVE7JpQDwhUOW+FparUZu+mC7sXBClWnuWyLguMtIw7gNbgK2xsEG0fY10Gkf3BjBF4ZEBVEi1vyMxTjSLP+HlwE6h38YfLEoiyn5V5s2qeT2AipFA==","sign_method":"rsa","timestamp":"2021-02-05 10:26:51","v":"2.0"} 

 2021-02-05 10:26:52,712 INFO  [zzfwlog_2a4e7e4c111b4794_6] 获取无卡扣款、退款访问令牌返回结果：{"retcode":null,"errmsg":"获取访问令牌失败，错误码[errcode]：40004","access_token":null,"expires_in":0} 

 2021-02-05 11:00:54,629 INFO  [zzfwlog_cabf6a54f0b0463e_1] TransferServiceApi 服务开始启动 

 2021-02-05 11:00:54,680 INFO  [zzfwlog_cabf6a54f0b0463e_1] TransferServiceApi 服务启动，读取配置文件 appsettings.json 

 2021-02-05 11:00:55,139 INFO  [zzfwlog_cabf6a54f0b0463e_1] TransferServiceApi 服务启动完成 

 2021-02-05 11:01:01,283 INFO  [zzfwlog_0633d0294e3b477f_6] 获取消费码访问令牌请求参数：{"access_token":"00000000000000000000000000000000000000000000000000000000000000000000000000000000000000000000000000000000000000000000000000000000","app_key":"2887073C483EF7C8D06535A6EF90799D","format":"json","method":"synjones.authorize.access_token","request":"n5sgip5C9zqJKBMi7x0vynZTllzzgxKZUkDgSEteBww=","sign":"bAjsT9c1uW3aig74mEV9TF1O4/87DtBIfF1MpeDQJQycWNf1DgdhgkYFCVqaHkKpQ69dgS0dRlNSWsEYf82ZScQnil21BC1z7WqhGM/njxar/4Uima93AF9zeG+fRXUiAenDFfQ2AmQTYXXXyMOpFQ1YF1JnlAtitDODbAb2ZExzlMz7sV6upd8SHp4AuB59YFOepPz4jLLS23WwtD+h6P1HqkRH/AOu1WC0Jo7fsPgv4xud5HbfjD1uF3q8sUfRDvkSsQTC8Fbjvg8py59ueZQlh5WcgRUYFNf1RiQhYhHLwDLA4QnaLf1fbMRpsbEQ0rPrgIDP+/+VvjARi+jhOg==","sign_method":"rsa","timestamp":"2021-02-05 11:01:01","v":"2.0"} 

 2021-02-05 11:01:01,605 INFO  [zzfwlog_0633d0294e3b477f_6] 获取消费码访问令牌返回结果：{"retcode":null,"errmsg":"获取访问令牌失败，错误码[errcode]：40004","access_token":null,"expires_in":0} 

 2021-02-05 11:42:04,587 INFO  [zzfwlog_b4172c0a5f9748dc_1] TransferServiceApi 服务开始启动 

 2021-02-05 11:42:04,623 INFO  [zzfwlog_b4172c0a5f9748dc_1] TransferServiceApi 服务启动，读取配置文件 appsettings.json 

 2021-02-05 11:42:04,901 INFO  [zzfwlog_b4172c0a5f9748dc_1] TransferServiceApi 服务启动完成 

 2021-02-05 11:42:13,812 INFO  [zzfwlog_0020d0326bef4613_4] 获取消费码访问令牌请求参数：{"access_token":"00000000000000000000000000000000000000000000000000000000000000000000000000000000000000000000000000000000000000000000000000000000","app_key":"2887073C483EF7C8D06535A6EF90799D","format":"json","method":"synjones.authorize.access_token","request":"fodHk5ZmsJO9JEBpJTqrfYRS3FXIPnPju6ooIN3LS8A=","sign":"yA2dV0iFELLDB0iKMEOFti18EN8+QbNmpUPcQpVgYT6X4tNNv9p6GUOkQF36sGTFErZb9+1SU9erRjBgFC462NwEN+acpozrvrvY1XgV5Nep8BAxgPF/URGUtq0hmaGAA0oHduPhJqtfEETQ4RXjLmfVobOGm3qw1rAuEFcPbvCwHJfZJXhp3RuSBluXG/soKs2HpbnWfBvQK5DpTk6ypAzqpNXPCNKYiVKRZcwWYfCYnDZLrBSrUd5oCxVra4qnGzd/I/x5VEDek2nznkMO/2Fvzr8+qCqAQyITGv+TLr+9wcltu3LFsLYuTR2YvGskbczlG94ZvZAEchqOPVkU7A==","sign_method":"rsa","timestamp":"2021-02-05 11:42:13","v":"2.0"} 

 2021-02-05 11:42:14,032 INFO  [zzfwlog_0020d0326bef4613_4] 获取消费码访问令牌返回结果：{"retcode":null,"errmsg":"获取访问令牌失败，错误码[errcode]：40004","access_token":null,"expires_in":0} 

 2021-02-05 16:26:25,367 INFO  [zzfwlog_fc8fe68762d44c9c_1] TransferServiceApi 服务开始启动 

 2021-02-05 16:26:25,406 INFO  [zzfwlog_fc8fe68762d44c9c_1] TransferServiceApi 服务启动，读取配置文件 appsettings.json 

 2021-02-05 16:26:25,737 INFO  [zzfwlog_fc8fe68762d44c9c_1] TransferServiceApi 服务启动完成 
